Using pre-set license
Built from '2021.3/staging' branch; Version is '2021.3.4f1 (cb45f9cae8b7) revision 13321721'; Using compiler version '192829333'; Build Type 'Release'
OS: 'Windows 10  (10.0.19044) 64bit Professional' Language: 'en' Physical Memory: 32635 MB
BatchMode: 1, IsHumanControllingUs: 0, StartBugReporterOnCrash: 0, Is64bit: 1, IsPro: 1

COMMAND LINE ARGUMENTS:
C:\Program Files\Unity\Hub\Editor\2021.3.4f1\Editor\Unity.exe
-adb2
-batchMode
-noUpm
-name
AssetImportWorker1
-projectPath
D:/Panzer
-logFile
Logs/AssetImportWorker1.log
-srvPort
51672
Successfully changed project path to: D:/Panzer
D:/Panzer
[UnityMemory] Configuration Parameters - Can be set up in boot.config
    "memorysetup-bucket-allocator-granularity=16"
    "memorysetup-bucket-allocator-bucket-count=8"
    "memorysetup-bucket-allocator-block-size=33554432"
    "memorysetup-bucket-allocator-block-count=8"
    "memorysetup-main-allocator-block-size=16777216"
    "memorysetup-thread-allocator-block-size=16777216"
    "memorysetup-gfx-main-allocator-block-size=16777216"
    "memorysetup-gfx-thread-allocator-block-size=16777216"
    "memorysetup-cache-allocator-block-size=4194304"
    "memorysetup-typetree-allocator-block-size=2097152"
    "memorysetup-profiler-bucket-allocator-granularity=16"
    "memorysetup-profiler-bucket-allocator-bucket-count=8"
    "memorysetup-profiler-bucket-allocator-block-size=33554432"
    "memorysetup-profiler-bucket-allocator-block-count=8"
    "memorysetup-profiler-allocator-block-size=16777216"
    "memorysetup-profiler-editor-allocator-block-size=1048576"
    "memorysetup-temp-allocator-size-main=16777216"
    "memorysetup-job-temp-allocator-block-size=2097152"
    "memorysetup-job-temp-allocator-block-size-background=1048576"
    "memorysetup-job-temp-allocator-reduction-small-platforms=262144"
    "memorysetup-temp-allocator-size-background-worker=32768"
    "memorysetup-temp-allocator-size-job-worker=262144"
    "memorysetup-temp-allocator-size-preload-manager=33554432"
    "memorysetup-temp-allocator-size-nav-mesh-worker=65536"
    "memorysetup-temp-allocator-size-audio-worker=65536"
    "memorysetup-temp-allocator-size-cloud-worker=32768"
    "memorysetup-temp-allocator-size-gi-baking-worker=262144"
    "memorysetup-temp-allocator-size-gfx=262144"
Refreshing native plugins compatible for Editor in 78.95 ms, found 4 plugins.
Preloading 0 native plugins for Editor in 0.00 ms.
Initialize engine version: 2021.3.4f1 (cb45f9cae8b7)
[Subsystems] Discovering subsystems at path C:/Program Files/Unity/Hub/Editor/2021.3.4f1/Editor/Data/Resources/UnitySubsystems
[Subsystems] Discovering subsystems at path D:/Panzer/Assets
GfxDevice: creating device client; threaded=0; jobified=0
Direct3D:
    Version:  Direct3D 11.0 [level 11.1]
    Renderer: NVIDIA GeForce RTX 2060 (ID=0x1f08)
    Vendor:   NVIDIA
    VRAM:     5980 MB
    Driver:   31.0.15.1694
Initialize mono
Mono path[0] = 'C:/Program Files/Unity/Hub/Editor/2021.3.4f1/Editor/Data/Managed'
Mono path[1] = 'C:/Program Files/Unity/Hub/Editor/2021.3.4f1/Editor/Data/MonoBleedingEdge/lib/mono/unityjit-win32'
Mono config path = 'C:/Program Files/Unity/Hub/Editor/2021.3.4f1/Editor/Data/MonoBleedingEdge/etc'
Using monoOptions --debugger-agent=transport=dt_socket,embedding=1,server=y,suspend=n,address=127.0.0.1:56152
Begin MonoManager ReloadAssembly
Registering precompiled unity dll's ...
Register platform support module: C:/Program Files/Unity/Hub/Editor/2021.3.4f1/Editor/Data/PlaybackEngines/WebGLSupport/UnityEditor.WebGL.Extensions.dll
Register platform support module: C:/Program Files/Unity/Hub/Editor/2021.3.4f1/Editor/Data/PlaybackEngines/AndroidPlayer/UnityEditor.Android.Extensions.dll
Register platform support module: C:/Program Files/Unity/Hub/Editor/2021.3.4f1/Editor/Data/PlaybackEngines/WindowsStandaloneSupport/UnityEditor.WindowsStandalone.Extensions.dll
Registered in 0.004842 seconds.
Native extension for WindowsStandalone target not found
Native extension for Android target not found
Native extension for WebGL target not found
Refreshing native plugins compatible for Editor in 77.23 ms, found 4 plugins.
Preloading 0 native plugins for Editor in 0.00 ms.
Mono: successfully reloaded assembly
- Completed reload, in  0.514 seconds
Domain Reload Profiling:
	ReloadAssembly (514ms)
		BeginReloadAssembly (52ms)
			ExecutionOrderSort (0ms)
			DisableScriptedObjects (0ms)
			BackupInstance (0ms)
			ReleaseScriptingObjects (0ms)
			CreateAndSetChildDomain (1ms)
		EndReloadAssembly (377ms)
			LoadAssemblies (51ms)
			RebuildTransferFunctionScriptingTraits (0ms)
			SetupTypeCache (78ms)
			ReleaseScriptCaches (0ms)
			RebuildScriptCaches (22ms)
			SetupLoadedEditorAssemblies (238ms)
				LogAssemblyErrors (0ms)
				InitializePlatformSupportModulesInManaged (51ms)
				SetLoadedEditorAssemblies (0ms)
				RefreshPlugins (77ms)
				BeforeProcessingInitializeOnLoad (1ms)
				ProcessInitializeOnLoadAttributes (76ms)
				ProcessInitializeOnLoadMethodAttributes (33ms)
				AfterProcessingInitializeOnLoad (0ms)
				EditorAssembliesLoaded (0ms)
			ExecutionOrderSort2 (0ms)
			AwakeInstancesAfterBackupRestoration (0ms)
Platform modules already initialized, skipping
Registering precompiled user dll's ...
Registered in 0.003008 seconds.
Begin MonoManager ReloadAssembly
Symbol file LoadedFromMemory doesn't match image D:\Panzer\Library\PackageCache\com.unity.visualscripting@1.7.8\Editor\VisualScripting.Core\Dependencies\YamlDotNet\Unity.VisualScripting.YamlDotNet.dll
Symbol file LoadedFromMemory doesn't match image D:\Panzer\Library\PackageCache\com.unity.visualscripting@1.7.8\Editor\VisualScripting.Core\Dependencies\DotNetZip\Unity.VisualScripting.IonicZip.dll
Native extension for WindowsStandalone target not found
Native extension for Android target not found
Native extension for WebGL target not found
Refreshing native plugins compatible for Editor in 81.55 ms, found 4 plugins.
Preloading 0 native plugins for Editor in 0.00 ms.
Mono: successfully reloaded assembly
- Completed reload, in  0.999 seconds
Domain Reload Profiling:
	ReloadAssembly (1000ms)
		BeginReloadAssembly (202ms)
			ExecutionOrderSort (0ms)
			DisableScriptedObjects (4ms)
			BackupInstance (0ms)
			ReleaseScriptingObjects (0ms)
			CreateAndSetChildDomain (135ms)
		EndReloadAssembly (711ms)
			LoadAssemblies (60ms)
			RebuildTransferFunctionScriptingTraits (0ms)
			SetupTypeCache (175ms)
			ReleaseScriptCaches (0ms)
			RebuildScriptCaches (42ms)
			SetupLoadedEditorAssemblies (393ms)
				LogAssemblyErrors (0ms)
				InitializePlatformSupportModulesInManaged (11ms)
				SetLoadedEditorAssemblies (0ms)
				RefreshPlugins (82ms)
				BeforeProcessingInitializeOnLoad (75ms)
				ProcessInitializeOnLoadAttributes (190ms)
				ProcessInitializeOnLoadMethodAttributes (31ms)
				AfterProcessingInitializeOnLoad (5ms)
				EditorAssembliesLoaded (0ms)
			ExecutionOrderSort2 (0ms)
			AwakeInstancesAfterBackupRestoration (5ms)
Platform modules already initialized, skipping
========================================================================
Worker process is ready to serve import requests
Launched and connected shader compiler UnityShaderCompiler.exe after 0.02 seconds
Refreshing native plugins compatible for Editor in 0.57 ms, found 4 plugins.
Preloading 0 native plugins for Editor in 0.00 ms.
Unloading 4077 Unused Serialized files (Serialized files now loaded: 0)
Unloading 44 unused Assets / (222.8 KB). Loaded Objects now: 4528.
Memory consumption went from 153.2 MB to 153.0 MB.
Total: 2.754500 ms (FindLiveObjects: 0.322600 ms CreateObjectMapping: 0.254800 ms MarkObjects: 2.044600 ms  DeleteObjects: 0.130900 ms)

AssetImportParameters requested are different than current active one (requested -> active):
  custom:video-decoder-ogg-theora: a1e56fd34408186e4bbccfd4996cb3dc -> 
  custom:container-muxer-webm: aa71ff27fc2769a1b78a27578f13a17b -> 
  custom:container-demuxer-webm: 4f35f7cbe854078d1ac9338744f61a02 -> 
  custom:video-encoder-webm-vp8: eb34c28f22e8b96e1ab97ce403110664 -> 
  custom:audio-encoder-webm-vorbis: bf7c407c2cedff20999df2af8eb42d56 -> 
  custom:framework-win-MediaFoundation: 216162199b28c13a410421893ffa2e32 -> 
  custom:container-demuxer-ogg: 62fdf1f143b41e24485cea50d1cbac27 -> 
  custom:video-decoder-webm-vp8: 9c59270c3fd7afecdb556c50c9e8de78 -> 
  custom:audio-decoder-ogg-vorbis: bf7c407c2cedff20999df2af8eb42d56 -> 
========================================================================
Received Import Request.
  Time since last request: 1041062.201016 seconds.
  path: Assets/Scenes
  artifactKey: Guid(131a6b21c8605f84396be9f6751fb6e3) Importer(815301076,1909f56bfc062723c751e8b465ee728b)
Start importing Assets/Scenes using Guid(131a6b21c8605f84396be9f6751fb6e3) Importer(815301076,1909f56bfc062723c751e8b465ee728b)  -> (artifact id: '2c23e514d24f6b65fe96946cd87fc526') in 0.008522 seconds 
========================================================================
Received Import Request.
  Time since last request: 0.000028 seconds.
  path: Assets/Scenes/SampleScene.unity
  artifactKey: Guid(2cda990e2423bbf4892e6590ba056729) Importer(815301076,1909f56bfc062723c751e8b465ee728b)
Start importing Assets/Scenes/SampleScene.unity using Guid(2cda990e2423bbf4892e6590ba056729) Importer(815301076,1909f56bfc062723c751e8b465ee728b)  -> (artifact id: 'e24c38ded777c6eac716cf6ee885caa1') in 0.004777 seconds 
========================================================================
Received Prepare
Registering precompiled user dll's ...
Registered in 0.003225 seconds.
Begin MonoManager ReloadAssembly
Symbol file LoadedFromMemory doesn't match image D:\Panzer\Library\PackageCache\com.unity.visualscripting@1.7.8\Editor\VisualScripting.Core\Dependencies\YamlDotNet\Unity.VisualScripting.YamlDotNet.dll
Symbol file LoadedFromMemory doesn't match image D:\Panzer\Library\PackageCache\com.unity.visualscripting@1.7.8\Editor\VisualScripting.Core\Dependencies\DotNetZip\Unity.VisualScripting.IonicZip.dll
Native extension for WindowsStandalone target not found
Native extension for Android target not found
Native extension for WebGL target not found
Refreshing native plugins compatible for Editor in 0.62 ms, found 4 plugins.
Preloading 0 native plugins for Editor in 0.00 ms.
Mono: successfully reloaded assembly
- Completed reload, in  0.870 seconds
Domain Reload Profiling:
	ReloadAssembly (870ms)
		BeginReloadAssembly (103ms)
			ExecutionOrderSort (0ms)
			DisableScriptedObjects (5ms)
			BackupInstance (0ms)
			ReleaseScriptingObjects (0ms)
			CreateAndSetChildDomain (29ms)
		EndReloadAssembly (679ms)
			LoadAssemblies (60ms)
			RebuildTransferFunctionScriptingTraits (0ms)
			SetupTypeCache (215ms)
			ReleaseScriptCaches (1ms)
			RebuildScriptCaches (40ms)
			SetupLoadedEditorAssemblies (314ms)
				LogAssemblyErrors (0ms)
				InitializePlatformSupportModulesInManaged (21ms)
				SetLoadedEditorAssemblies (0ms)
				RefreshPlugins (1ms)
				BeforeProcessingInitializeOnLoad (60ms)
				ProcessInitializeOnLoadAttributes (191ms)
				ProcessInitializeOnLoadMethodAttributes (34ms)
				AfterProcessingInitializeOnLoad (6ms)
				EditorAssembliesLoaded (0ms)
			ExecutionOrderSort2 (0ms)
			AwakeInstancesAfterBackupRestoration (6ms)
Platform modules already initialized, skipping
Refreshing native plugins compatible for Editor in 1.64 ms, found 4 plugins.
Preloading 0 native plugins for Editor in 0.00 ms.
Unloading 4059 Unused Serialized files (Serialized files now loaded: 0)
Unloading 31 unused Assets / (190.1 KB). Loaded Objects now: 4531.
Memory consumption went from 151.9 MB to 151.8 MB.
Total: 2.531300 ms (FindLiveObjects: 0.214000 ms CreateObjectMapping: 0.121300 ms MarkObjects: 2.046600 ms  DeleteObjects: 0.148300 ms)

AssetImportParameters requested are different than current active one (requested -> active):
  custom:video-decoder-ogg-theora: a1e56fd34408186e4bbccfd4996cb3dc -> 
  custom:container-muxer-webm: aa71ff27fc2769a1b78a27578f13a17b -> 
  custom:container-demuxer-webm: 4f35f7cbe854078d1ac9338744f61a02 -> 
  custom:video-encoder-webm-vp8: eb34c28f22e8b96e1ab97ce403110664 -> 
  custom:audio-encoder-webm-vorbis: bf7c407c2cedff20999df2af8eb42d56 -> 
  custom:framework-win-MediaFoundation: 216162199b28c13a410421893ffa2e32 -> 
  custom:container-demuxer-ogg: 62fdf1f143b41e24485cea50d1cbac27 -> 
  custom:video-decoder-webm-vp8: 9c59270c3fd7afecdb556c50c9e8de78 -> 
  custom:audio-decoder-ogg-vorbis: bf7c407c2cedff20999df2af8eb42d56 -> 
========================================================================
Received Import Request.
  Time since last request: 127.701578 seconds.
  path: Assets/Prefab/Player.prefab
  artifactKey: Guid(65549dcc21b30a446a02c34571677d10) Importer(815301076,1909f56bfc062723c751e8b465ee728b)
Start importing Assets/Prefab/Player.prefab using Guid(65549dcc21b30a446a02c34571677d10) Importer(815301076,1909f56bfc062723c751e8b465ee728b)  -> (artifact id: 'd9cc76e3f3c5512f2b32c31ae59b3520') in 0.130116 seconds 
========================================================================
Received Import Request.
  Time since last request: 0.000020 seconds.
  path: Assets/Prefab/RepairKit.prefab
  artifactKey: Guid(394d5f4497270a241bd3b967e72579b3) Importer(815301076,1909f56bfc062723c751e8b465ee728b)
Start importing Assets/Prefab/RepairKit.prefab using Guid(394d5f4497270a241bd3b967e72579b3) Importer(815301076,1909f56bfc062723c751e8b465ee728b)  -> (artifact id: 'aec54f6da277816ef2b054c4a8ca17f8') in 0.016093 seconds 
========================================================================
Received Prepare
Registering precompiled user dll's ...
Registered in 0.003670 seconds.
Begin MonoManager ReloadAssembly
Symbol file LoadedFromMemory doesn't match image D:\Panzer\Library\PackageCache\com.unity.visualscripting@1.7.8\Editor\VisualScripting.Core\Dependencies\YamlDotNet\Unity.VisualScripting.YamlDotNet.dll
Symbol file LoadedFromMemory doesn't match image D:\Panzer\Library\PackageCache\com.unity.visualscripting@1.7.8\Editor\VisualScripting.Core\Dependencies\DotNetZip\Unity.VisualScripting.IonicZip.dll
Native extension for WindowsStandalone target not found
Native extension for Android target not found
Native extension for WebGL target not found
Refreshing native plugins compatible for Editor in 0.59 ms, found 4 plugins.
Preloading 0 native plugins for Editor in 0.00 ms.
Mono: successfully reloaded assembly
- Completed reload, in  0.840 seconds
Domain Reload Profiling:
	ReloadAssembly (841ms)
		BeginReloadAssembly (100ms)
			ExecutionOrderSort (0ms)
			DisableScriptedObjects (5ms)
			BackupInstance (0ms)
			ReleaseScriptingObjects (0ms)
			CreateAndSetChildDomain (28ms)
		EndReloadAssembly (664ms)
			LoadAssemblies (64ms)
			RebuildTransferFunctionScriptingTraits (0ms)
			SetupTypeCache (203ms)
			ReleaseScriptCaches (2ms)
			RebuildScriptCaches (41ms)
			SetupLoadedEditorAssemblies (306ms)
				LogAssemblyErrors (0ms)
				InitializePlatformSupportModulesInManaged (20ms)
				SetLoadedEditorAssemblies (0ms)
				RefreshPlugins (1ms)
				BeforeProcessingInitializeOnLoad (60ms)
				ProcessInitializeOnLoadAttributes (185ms)
				ProcessInitializeOnLoadMethodAttributes (34ms)
				AfterProcessingInitializeOnLoad (5ms)
				EditorAssembliesLoaded (0ms)
			ExecutionOrderSort2 (0ms)
			AwakeInstancesAfterBackupRestoration (6ms)
Platform modules already initialized, skipping
Refreshing native plugins compatible for Editor in 1.71 ms, found 4 plugins.
Preloading 0 native plugins for Editor in 0.00 ms.
Unloading 4059 Unused Serialized files (Serialized files now loaded: 0)
Unloading 31 unused Assets / (190.0 KB). Loaded Objects now: 4540.
Memory consumption went from 156.3 MB to 156.1 MB.
Total: 2.332500 ms (FindLiveObjects: 0.200400 ms CreateObjectMapping: 0.111200 ms MarkObjects: 1.915300 ms  DeleteObjects: 0.104500 ms)

AssetImportParameters requested are different than current active one (requested -> active):
  custom:video-decoder-ogg-theora: a1e56fd34408186e4bbccfd4996cb3dc -> 
  custom:container-muxer-webm: aa71ff27fc2769a1b78a27578f13a17b -> 
  custom:container-demuxer-webm: 4f35f7cbe854078d1ac9338744f61a02 -> 
  custom:video-encoder-webm-vp8: eb34c28f22e8b96e1ab97ce403110664 -> 
  custom:audio-encoder-webm-vorbis: bf7c407c2cedff20999df2af8eb42d56 -> 
  custom:framework-win-MediaFoundation: 216162199b28c13a410421893ffa2e32 -> 
  custom:container-demuxer-ogg: 62fdf1f143b41e24485cea50d1cbac27 -> 
  custom:video-decoder-webm-vp8: 9c59270c3fd7afecdb556c50c9e8de78 -> 
  custom:audio-decoder-ogg-vorbis: bf7c407c2cedff20999df2af8eb42d56 -> 
========================================================================
Received Prepare
Registering precompiled user dll's ...
Registered in 0.003221 seconds.
Begin MonoManager ReloadAssembly
Symbol file LoadedFromMemory doesn't match image D:\Panzer\Library\PackageCache\com.unity.visualscripting@1.7.8\Editor\VisualScripting.Core\Dependencies\YamlDotNet\Unity.VisualScripting.YamlDotNet.dll
Symbol file LoadedFromMemory doesn't match image D:\Panzer\Library\PackageCache\com.unity.visualscripting@1.7.8\Editor\VisualScripting.Core\Dependencies\DotNetZip\Unity.VisualScripting.IonicZip.dll
Native extension for WindowsStandalone target not found
Native extension for Android target not found
Native extension for WebGL target not found
Refreshing native plugins compatible for Editor in 0.55 ms, found 4 plugins.
Preloading 0 native plugins for Editor in 0.00 ms.
Mono: successfully reloaded assembly
- Completed reload, in  0.842 seconds
Domain Reload Profiling:
	ReloadAssembly (843ms)
		BeginReloadAssembly (107ms)
			ExecutionOrderSort (0ms)
			DisableScriptedObjects (6ms)
			BackupInstance (0ms)
			ReleaseScriptingObjects (0ms)
			CreateAndSetChildDomain (30ms)
		EndReloadAssembly (646ms)
			LoadAssemblies (68ms)
			RebuildTransferFunctionScriptingTraits (0ms)
			SetupTypeCache (188ms)
			ReleaseScriptCaches (1ms)
			RebuildScriptCaches (39ms)
			SetupLoadedEditorAssemblies (316ms)
				LogAssemblyErrors (0ms)
				InitializePlatformSupportModulesInManaged (20ms)
				SetLoadedEditorAssemblies (0ms)
				RefreshPlugins (1ms)
				BeforeProcessingInitializeOnLoad (63ms)
				ProcessInitializeOnLoadAttributes (192ms)
				ProcessInitializeOnLoadMethodAttributes (35ms)
				AfterProcessingInitializeOnLoad (5ms)
				EditorAssembliesLoaded (0ms)
			ExecutionOrderSort2 (0ms)
			AwakeInstancesAfterBackupRestoration (8ms)
Platform modules already initialized, skipping
Refreshing native plugins compatible for Editor in 1.62 ms, found 4 plugins.
Preloading 0 native plugins for Editor in 0.00 ms.
Unloading 4059 Unused Serialized files (Serialized files now loaded: 0)
Unloading 31 unused Assets / (190.0 KB). Loaded Objects now: 4543.
Memory consumption went from 156.3 MB to 156.1 MB.
Total: 2.577500 ms (FindLiveObjects: 0.203500 ms CreateObjectMapping: 0.135900 ms MarkObjects: 2.130500 ms  DeleteObjects: 0.106400 ms)

AssetImportParameters requested are different than current active one (requested -> active):
  custom:video-decoder-ogg-theora: a1e56fd34408186e4bbccfd4996cb3dc -> 
  custom:container-muxer-webm: aa71ff27fc2769a1b78a27578f13a17b -> 
  custom:container-demuxer-webm: 4f35f7cbe854078d1ac9338744f61a02 -> 
  custom:video-encoder-webm-vp8: eb34c28f22e8b96e1ab97ce403110664 -> 
  custom:audio-encoder-webm-vorbis: bf7c407c2cedff20999df2af8eb42d56 -> 
  custom:framework-win-MediaFoundation: 216162199b28c13a410421893ffa2e32 -> 
  custom:container-demuxer-ogg: 62fdf1f143b41e24485cea50d1cbac27 -> 
  custom:video-decoder-webm-vp8: 9c59270c3fd7afecdb556c50c9e8de78 -> 
  custom:audio-decoder-ogg-vorbis: bf7c407c2cedff20999df2af8eb42d56 -> 
========================================================================
Received Import Request.
  Time since last request: 854.447777 seconds.
  path: Assets/Sprite/tileSand_roadNorth.png
  artifactKey: Guid(81c5c187b56a2aa429688a79b42f5a07) Importer(815301076,1909f56bfc062723c751e8b465ee728b)
Start importing Assets/Sprite/tileSand_roadNorth.png using Guid(81c5c187b56a2aa429688a79b42f5a07) Importer(815301076,1909f56bfc062723c751e8b465ee728b)  -> (artifact id: '6a0539ba5c8809ff0d65207671724c7c') in 0.127064 seconds 
========================================================================
Received Import Request.
  Time since last request: 0.000022 seconds.
  path: Assets/Sprite/tracksLarge.png
  artifactKey: Guid(d51aab89fc40be844aad16d3f8b56dab) Importer(815301076,1909f56bfc062723c751e8b465ee728b)
Start importing Assets/Sprite/tracksLarge.png using Guid(d51aab89fc40be844aad16d3f8b56dab) Importer(815301076,1909f56bfc062723c751e8b465ee728b)  -> (artifact id: '414847fa3b45e3d9d51e6ce9a62b2154') in 0.022887 seconds 
========================================================================
Received Import Request.
  Time since last request: 0.000020 seconds.
  path: Packages/com.unity.2d.animation/Editor/Assets/SkinningModule/Icons/Light/Visibility_Hidded.png
  artifactKey: Guid(a20f7223e2252fc4d813fc92d0f3a614) Importer(815301076,1909f56bfc062723c751e8b465ee728b)
Start importing Packages/com.unity.2d.animation/Editor/Assets/SkinningModule/Icons/Light/Visibility_Hidded.png using Guid(a20f7223e2252fc4d813fc92d0f3a614) Importer(815301076,1909f56bfc062723c751e8b465ee728b)  -> (artifact id: '9eb78234ebad7d3a725d5cde2f4ac605') in 0.023193 seconds 
========================================================================
Received Import Request.
  Time since last request: 0.000017 seconds.
  path: Assets/Sprite/treeBrown_large.png
  artifactKey: Guid(e423d1bfe0b84a44caedec011210e59f) Importer(815301076,1909f56bfc062723c751e8b465ee728b)
Start importing Assets/Sprite/treeBrown_large.png using Guid(e423d1bfe0b84a44caedec011210e59f) Importer(815301076,1909f56bfc062723c751e8b465ee728b)  -> (artifact id: '18ca62055bd4eeafce8395c9aee641b9') in 0.017454 seconds 
========================================================================
Received Import Request.
  Time since last request: 0.000017 seconds.
  path: Assets/Sprite/treeBrown_leaf.png
  artifactKey: Guid(53c0931e99457b14ebf330c1a07ebb1c) Importer(815301076,1909f56bfc062723c751e8b465ee728b)
Start importing Assets/Sprite/treeBrown_leaf.png using Guid(53c0931e99457b14ebf330c1a07ebb1c) Importer(815301076,1909f56bfc062723c751e8b465ee728b)  -> (artifact id: '51949b20736d18cdba93f68e55fbc20b') in 0.014702 seconds 
========================================================================
Received Import Request.
  Time since last request: 0.000017 seconds.
  path: Assets/Sprite/treeBrown_twigs.png
  artifactKey: Guid(073cd9e3488c8eb438fae7b265b82b9c) Importer(815301076,1909f56bfc062723c751e8b465ee728b)
Start importing Assets/Sprite/treeBrown_twigs.png using Guid(073cd9e3488c8eb438fae7b265b82b9c) Importer(815301076,1909f56bfc062723c751e8b465ee728b)  -> (artifact id: '9692f4fa474a58cbaa4b50bb5c72c9f2') in 0.017167 seconds 
========================================================================
Received Import Request.
  Time since last request: 0.000021 seconds.
  path: Assets/Sprite/tileSand_roadSplitN.png
  artifactKey: Guid(5565a8b11eb8386488ebfa10b5845281) Importer(815301076,1909f56bfc062723c751e8b465ee728b)
Start importing Assets/Sprite/tileSand_roadSplitN.png using Guid(5565a8b11eb8386488ebfa10b5845281) Importer(815301076,1909f56bfc062723c751e8b465ee728b)  -> (artifact id: '29662f6a2550b12a106706ee83f4195e') in 0.019930 seconds 
========================================================================
Received Import Request.
  Time since last request: 0.000019 seconds.
  path: Assets/Sprite/tileSand_roadSplitS.png
  artifactKey: Guid(e257c84758a050b40861061c24ca428d) Importer(815301076,1909f56bfc062723c751e8b465ee728b)
Start importing Assets/Sprite/tileSand_roadSplitS.png using Guid(e257c84758a050b40861061c24ca428d) Importer(815301076,1909f56bfc062723c751e8b465ee728b)  -> (artifact id: 'cf07cb22e19233d086fd0eefabad5c5b') in 0.014355 seconds 
========================================================================
Received Import Request.
  Time since last request: 0.000022 seconds.
  path: Assets/Sprite/tool-box.png
  artifactKey: Guid(f4682b38c7cc908458f798ae0bbed279) Importer(815301076,1909f56bfc062723c751e8b465ee728b)
Start importing Assets/Sprite/tool-box.png using Guid(f4682b38c7cc908458f798ae0bbed279) Importer(815301076,1909f56bfc062723c751e8b465ee728b)  -> (artifact id: 'bab4d0f050d1b9d51290612372e2a9bc') in 0.014535 seconds 
========================================================================
Received Import Request.
  Time since last request: 0.000023 seconds.
  path: Assets/Sprite/tracksDouble.png
  artifactKey: Guid(f126e50119741cd429cde2caba27e8a6) Importer(815301076,1909f56bfc062723c751e8b465ee728b)
Start importing Assets/Sprite/tracksDouble.png using Guid(f126e50119741cd429cde2caba27e8a6) Importer(815301076,1909f56bfc062723c751e8b465ee728b)  -> (artifact id: 'd712ae6f37d9dc8a10906c5a1c9827e3') in 0.012454 seconds 
========================================================================
Received Import Request.
  Time since last request: 3.742215 seconds.
  path: Assets/Sprite/barrelGreen_side.png
  artifactKey: Guid(ad3929177f8afd642a59b66f7d7307bc) Importer(815301076,1909f56bfc062723c751e8b465ee728b)
Start importing Assets/Sprite/barrelGreen_side.png using Guid(ad3929177f8afd642a59b66f7d7307bc) Importer(815301076,1909f56bfc062723c751e8b465ee728b)  -> (artifact id: '330cffa5292d9856b4ed4a1ae60b667d') in 0.020778 seconds 
========================================================================
Received Import Request.
  Time since last request: 0.000017 seconds.
  path: Assets/Sprite/bulletSand1_outline.png
  artifactKey: Guid(b65523184559dac4a84de2532c3b37f9) Importer(815301076,1909f56bfc062723c751e8b465ee728b)
Start importing Assets/Sprite/bulletSand1_outline.png using Guid(b65523184559dac4a84de2532c3b37f9) Importer(815301076,1909f56bfc062723c751e8b465ee728b)  -> (artifact id: 'fa9ee27ea751432de0a8da2b9b6c9342') in 0.022364 seconds 
========================================================================
Received Import Request.
  Time since last request: 0.000025 seconds.
  path: Assets/Sprite/bulletRed1_outline.png
  artifactKey: Guid(9e538d5ee11b41d418c4ad72451f568a) Importer(815301076,1909f56bfc062723c751e8b465ee728b)
Start importing Assets/Sprite/bulletRed1_outline.png using Guid(9e538d5ee11b41d418c4ad72451f568a) Importer(815301076,1909f56bfc062723c751e8b465ee728b)  -> (artifact id: '7140ad932b5c2de22f92b1bd704bc43f') in 0.013137 seconds 
========================================================================
Received Import Request.
  Time since last request: 0.000015 seconds.
  path: Assets/Sprite/sandbagBrown.png
  artifactKey: Guid(1f081211e6a4d0d469cdf9ca1ac84d75) Importer(815301076,1909f56bfc062723c751e8b465ee728b)
Start importing Assets/Sprite/sandbagBrown.png using Guid(1f081211e6a4d0d469cdf9ca1ac84d75) Importer(815301076,1909f56bfc062723c751e8b465ee728b)  -> (artifact id: '77be0e480b485c1f136f840b30659976') in 0.013133 seconds 
========================================================================
Received Import Request.
  Time since last request: 0.000018 seconds.
  path: Assets/Sprite/bulletRed2_outline.png
  artifactKey: Guid(f9f54decf81b4b845b32d128cbc1222b) Importer(815301076,1909f56bfc062723c751e8b465ee728b)
Start importing Assets/Sprite/bulletRed2_outline.png using Guid(f9f54decf81b4b845b32d128cbc1222b) Importer(815301076,1909f56bfc062723c751e8b465ee728b)  -> (artifact id: '91036b970390e3563ad1c24afd37959d') in 0.012408 seconds 
========================================================================
Received Import Request.
  Time since last request: 0.000020 seconds.
  path: Assets/Sprite/crateMetal.png
  artifactKey: Guid(d646715d91081df44a3dfdbf5535e366) Importer(815301076,1909f56bfc062723c751e8b465ee728b)
Start importing Assets/Sprite/crateMetal.png using Guid(d646715d91081df44a3dfdbf5535e366) Importer(815301076,1909f56bfc062723c751e8b465ee728b)  -> (artifact id: '24c6aca79260afc2dc2e504915fb59ca') in 0.014214 seconds 
========================================================================
Received Import Request.
  Time since last request: 0.000019 seconds.
  path: Assets/Sprite/tankBlue_barrel2.png
  artifactKey: Guid(d66e2d65556df114d86dbd4e8aa9d39e) Importer(815301076,1909f56bfc062723c751e8b465ee728b)
Start importing Assets/Sprite/tankBlue_barrel2.png using Guid(d66e2d65556df114d86dbd4e8aa9d39e) Importer(815301076,1909f56bfc062723c751e8b465ee728b)  -> (artifact id: 'c750dd91984f6dbf83701ff651f53ddb') in 0.013078 seconds 
========================================================================
Received Import Request.
  Time since last request: 0.000027 seconds.
  path: Assets/Sprite/oilSpill_large.png
  artifactKey: Guid(965cb0c5168fc954dbab36c2c0b657c6) Importer(815301076,1909f56bfc062723c751e8b465ee728b)
Start importing Assets/Sprite/oilSpill_large.png using Guid(965cb0c5168fc954dbab36c2c0b657c6) Importer(815301076,1909f56bfc062723c751e8b465ee728b)  -> (artifact id: '1d4bf6af1af6a3c043a4d17e727f91a3') in 0.016126 seconds 
========================================================================
Received Import Request.
  Time since last request: 0.000021 seconds.
  path: Assets/Sprite/bulletBlue3_outline.png
  artifactKey: Guid(e5f97dbf4b71ee544b2fb8fbdce2ddda) Importer(815301076,1909f56bfc062723c751e8b465ee728b)
Start importing Assets/Sprite/bulletBlue3_outline.png using Guid(e5f97dbf4b71ee544b2fb8fbdce2ddda) Importer(815301076,1909f56bfc062723c751e8b465ee728b)  -> (artifact id: '3cc064f348939e5279e73585e9ec133b') in 0.013979 seconds 
========================================================================
Received Import Request.
  Time since last request: 0.000017 seconds.
  path: Assets/Sprite/shotOrange.png
  artifactKey: Guid(7ccc4f2ed7391b94583baa4b0442945a) Importer(815301076,1909f56bfc062723c751e8b465ee728b)
Start importing Assets/Sprite/shotOrange.png using Guid(7ccc4f2ed7391b94583baa4b0442945a) Importer(815301076,1909f56bfc062723c751e8b465ee728b)  -> (artifact id: 'e472d3e42f263a133be4fa1031f5eb4c') in 0.013987 seconds 
========================================================================
Received Import Request.
  Time since last request: 0.000016 seconds.
  path: Assets/Sprite/barrelRed_side.png
  artifactKey: Guid(e16f919cae399794a9c238f981e054e9) Importer(815301076,1909f56bfc062723c751e8b465ee728b)
Start importing Assets/Sprite/barrelRed_side.png using Guid(e16f919cae399794a9c238f981e054e9) Importer(815301076,1909f56bfc062723c751e8b465ee728b)  -> (artifact id: '41914a4c9730f13731cf2c32aa89c043') in 0.012720 seconds 
========================================================================
Received Import Request.
  Time since last request: 0.000022 seconds.
  path: Assets/Sprite/shotRed.png
  artifactKey: Guid(6d97be14b4e42ea41ae52477c45b2f21) Importer(815301076,1909f56bfc062723c751e8b465ee728b)
Start importing Assets/Sprite/shotRed.png using Guid(6d97be14b4e42ea41ae52477c45b2f21) Importer(815301076,1909f56bfc062723c751e8b465ee728b)  -> (artifact id: 'd36070d70de13d3071095054aee736eb') in 0.014574 seconds 
========================================================================
Received Import Request.
  Time since last request: 0.000016 seconds.
  path: Assets/Sprite/bulletDark1.png
  artifactKey: Guid(d0cdcc17538c32144aaa1aa2cda1c8f6) Importer(815301076,1909f56bfc062723c751e8b465ee728b)
Start importing Assets/Sprite/bulletDark1.png using Guid(d0cdcc17538c32144aaa1aa2cda1c8f6) Importer(815301076,1909f56bfc062723c751e8b465ee728b)  -> (artifact id: '4826e3b05249e760240114755da8f0da') in 0.012870 seconds 
========================================================================
Received Import Request.
  Time since last request: 0.000018 seconds.
  path: Assets/Sprite/barricadeWood.png
  artifactKey: Guid(6d68f095496b27c4094799004fcdbb41) Importer(815301076,1909f56bfc062723c751e8b465ee728b)
Start importing Assets/Sprite/barricadeWood.png using Guid(6d68f095496b27c4094799004fcdbb41) Importer(815301076,1909f56bfc062723c751e8b465ee728b)  -> (artifact id: 'e9a7bf067457082e296f1f548d3d9c44') in 0.013988 seconds 
========================================================================
Received Import Request.
  Time since last request: 0.000016 seconds.
  path: Assets/Sprite/specialBarrel1.png
  artifactKey: Guid(1549d3b97aca18c48a18bc6e22d4561c) Importer(815301076,1909f56bfc062723c751e8b465ee728b)
Start importing Assets/Sprite/specialBarrel1.png using Guid(1549d3b97aca18c48a18bc6e22d4561c) Importer(815301076,1909f56bfc062723c751e8b465ee728b)  -> (artifact id: 'faee5fe2a43a5b0cbc4532ddeaa49fbe') in 0.014031 seconds 
========================================================================
Received Import Request.
  Time since last request: 0.000020 seconds.
  path: Assets/Sprite/explosionSmoke4.png
  artifactKey: Guid(6d1b8a0eabe44a84db53e66062dc8ada) Importer(815301076,1909f56bfc062723c751e8b465ee728b)
Start importing Assets/Sprite/explosionSmoke4.png using Guid(6d1b8a0eabe44a84db53e66062dc8ada) Importer(815301076,1909f56bfc062723c751e8b465ee728b)  -> (artifact id: '2f9a1dd0ffa3138a849abd818a8682c9') in 0.015916 seconds 
========================================================================
Received Import Request.
  Time since last request: 0.000016 seconds.
  path: Assets/Sprite/bulletBlue3.png
  artifactKey: Guid(f50f1ef0b24452848b82d03fa9968b97) Importer(815301076,1909f56bfc062723c751e8b465ee728b)
Start importing Assets/Sprite/bulletBlue3.png using Guid(f50f1ef0b24452848b82d03fa9968b97) Importer(815301076,1909f56bfc062723c751e8b465ee728b)  -> (artifact id: '2864e17759d22cdd933401e187e88932') in 0.012028 seconds 
========================================================================
Received Import Request.
  Time since last request: 0.000016 seconds.
  path: Assets/Sprite/bulletGreen1_outline.png
  artifactKey: Guid(2adc7b381b6ab45438b4da7e7dd4bc3f) Importer(815301076,1909f56bfc062723c751e8b465ee728b)
Start importing Assets/Sprite/bulletGreen1_outline.png using Guid(2adc7b381b6ab45438b4da7e7dd4bc3f) Importer(815301076,1909f56bfc062723c751e8b465ee728b)  -> (artifact id: '0d8cf4e088cdf083c613d22c8f24803a') in 0.013710 seconds 
========================================================================
Received Import Request.
  Time since last request: 0.000016 seconds.
  path: Assets/Sprite/tank_darkLarge.png
  artifactKey: Guid(8d818872fd2f4aa4bbe317f9060c92c2) Importer(815301076,1909f56bfc062723c751e8b465ee728b)
Start importing Assets/Sprite/tank_darkLarge.png using Guid(8d818872fd2f4aa4bbe317f9060c92c2) Importer(815301076,1909f56bfc062723c751e8b465ee728b)  -> (artifact id: '1bfd7d43c8d5ec930c5d2bd541385d47') in 0.015963 seconds 
========================================================================
Received Import Request.
  Time since last request: 0.000019 seconds.
  path: Assets/Sprite/tank_bigRed.png
  artifactKey: Guid(75b6cf2dcff626c47840d90b6d69cb1b) Importer(815301076,1909f56bfc062723c751e8b465ee728b)
Start importing Assets/Sprite/tank_bigRed.png using Guid(75b6cf2dcff626c47840d90b6d69cb1b) Importer(815301076,1909f56bfc062723c751e8b465ee728b)  -> (artifact id: '76844befc34573366ed7a4becc4e10cd') in 0.013881 seconds 
========================================================================
Received Import Request.
  Time since last request: 0.000028 seconds.
  path: Assets/Sprite/specialBarrel6_outline.png
  artifactKey: Guid(38abce676a2fc5c429b4e7ca3be31bd2) Importer(815301076,1909f56bfc062723c751e8b465ee728b)
Start importing Assets/Sprite/specialBarrel6_outline.png using Guid(38abce676a2fc5c429b4e7ca3be31bd2) Importer(815301076,1909f56bfc062723c751e8b465ee728b)  -> (artifact id: '5b571cc38cd53b671a6d82b310cd65c8') in 0.012756 seconds 
========================================================================
Received Import Request.
  Time since last request: 0.000020 seconds.
  path: Assets/Sprite/bulletDark2_outline.png
  artifactKey: Guid(516f6f542edce604db2dfd591ddb5a54) Importer(815301076,1909f56bfc062723c751e8b465ee728b)
Start importing Assets/Sprite/bulletDark2_outline.png using Guid(516f6f542edce604db2dfd591ddb5a54) Importer(815301076,1909f56bfc062723c751e8b465ee728b)  -> (artifact id: '5a922cc503e5fd1d192d64ace6956b5a') in 0.012369 seconds 
========================================================================
Received Import Request.
  Time since last request: 0.000019 seconds.
  path: Assets/Sprite/bulletSand3.png
  artifactKey: Guid(6cfbf20bae91c2042a31a0840e7483d6) Importer(815301076,1909f56bfc062723c751e8b465ee728b)
Start importing Assets/Sprite/bulletSand3.png using Guid(6cfbf20bae91c2042a31a0840e7483d6) Importer(815301076,1909f56bfc062723c751e8b465ee728b)  -> (artifact id: '5be3913dfa54484cfcb421d69cc99bff') in 0.012233 seconds 
========================================================================
Received Import Request.
  Time since last request: 0.000024 seconds.
  path: Assets/Sprite/bulletBlue2.png
  artifactKey: Guid(fbaec8c4bfb41db44b83885c20587070) Importer(815301076,1909f56bfc062723c751e8b465ee728b)
Start importing Assets/Sprite/bulletBlue2.png using Guid(fbaec8c4bfb41db44b83885c20587070) Importer(815301076,1909f56bfc062723c751e8b465ee728b)  -> (artifact id: '002014f685518839ef67a07184b33720') in 0.014838 seconds 
========================================================================
Received Import Request.
  Time since last request: 0.000019 seconds.
  path: Assets/Sprite/specialBarrel5.png
  artifactKey: Guid(47298c4f666ab574dbf42815d444be04) Importer(815301076,1909f56bfc062723c751e8b465ee728b)
Start importing Assets/Sprite/specialBarrel5.png using Guid(47298c4f666ab574dbf42815d444be04) Importer(815301076,1909f56bfc062723c751e8b465ee728b)  -> (artifact id: '10dd8a4f2746af0762a2d4c72f39d914') in 0.013375 seconds 
========================================================================
Received Import Request.
  Time since last request: 0.000019 seconds.
  path: Assets/Sprite/bulletSand2_outline.png
  artifactKey: Guid(044ef2719b499014db09192b34682a33) Importer(815301076,1909f56bfc062723c751e8b465ee728b)
Start importing Assets/Sprite/bulletSand2_outline.png using Guid(044ef2719b499014db09192b34682a33) Importer(815301076,1909f56bfc062723c751e8b465ee728b)  -> (artifact id: 'f098ab89e69ecba51763215e680f1442') in 0.012292 seconds 
========================================================================
Received Import Request.
  Time since last request: 0.000017 seconds.
  path: Assets/Sprite/sandbagBrown_open.png
  artifactKey: Guid(1d4f7fc64d85deb4fbc599671584315e) Importer(815301076,1909f56bfc062723c751e8b465ee728b)
Start importing Assets/Sprite/sandbagBrown_open.png using Guid(1d4f7fc64d85deb4fbc599671584315e) Importer(815301076,1909f56bfc062723c751e8b465ee728b)  -> (artifact id: 'd93499b197e1afd8733d79682f04171f') in 0.012036 seconds 
========================================================================
Received Import Request.
  Time since last request: 1.139566 seconds.
  path: Assets/Sprite/tankBlue_barrel3_outline.png
  artifactKey: Guid(40a5e05699af42342aa5eaad86619614) Importer(815301076,1909f56bfc062723c751e8b465ee728b)
Start importing Assets/Sprite/tankBlue_barrel3_outline.png using Guid(40a5e05699af42342aa5eaad86619614) Importer(815301076,1909f56bfc062723c751e8b465ee728b)  -> (artifact id: '50223a39b31050a7827bdab7e51815ba') in 0.012737 seconds 
========================================================================
Received Import Request.
  Time since last request: 0.000018 seconds.
  path: Assets/Sprite/tankBody_darkLarge_outline.png
  artifactKey: Guid(c94010027decb94409bb3a4490849d0c) Importer(815301076,1909f56bfc062723c751e8b465ee728b)
Start importing Assets/Sprite/tankBody_darkLarge_outline.png using Guid(c94010027decb94409bb3a4490849d0c) Importer(815301076,1909f56bfc062723c751e8b465ee728b)  -> (artifact id: '747e61a20e10e41bae2192d825ff8512') in 0.013669 seconds 
========================================================================
Received Import Request.
  Time since last request: 0.000014 seconds.
  path: Assets/Sprite/tankBody_darkLarge.png
  artifactKey: Guid(00e11b1383d3db34c8e1c786a4a31c8b) Importer(815301076,1909f56bfc062723c751e8b465ee728b)
Start importing Assets/Sprite/tankBody_darkLarge.png using Guid(00e11b1383d3db34c8e1c786a4a31c8b) Importer(815301076,1909f56bfc062723c751e8b465ee728b)  -> (artifact id: '0b1cd75b6aee7ea38c24fd92cf25c9cd') in 0.014462 seconds 
========================================================================
Received Import Request.
  Time since last request: 0.000014 seconds.
  path: Assets/Sprite/tankBody_huge.png
  artifactKey: Guid(3a7eeea1d230c28429b1105e322c835a) Importer(815301076,1909f56bfc062723c751e8b465ee728b)
Start importing Assets/Sprite/tankBody_huge.png using Guid(3a7eeea1d230c28429b1105e322c835a) Importer(815301076,1909f56bfc062723c751e8b465ee728b)  -> (artifact id: '8d5abe436f1e9b95c2922fa2b6002c30') in 0.014751 seconds 
========================================================================
Received Import Request.
  Time since last request: 0.000015 seconds.
  path: Assets/Sprite/tankBody_huge_outline.png
  artifactKey: Guid(9a10438e28f672e47b469afe47f6e83e) Importer(815301076,1909f56bfc062723c751e8b465ee728b)
Start importing Assets/Sprite/tankBody_huge_outline.png using Guid(9a10438e28f672e47b469afe47f6e83e) Importer(815301076,1909f56bfc062723c751e8b465ee728b)  -> (artifact id: 'be590efa60037abf4e92264c41afee4a') in 0.015755 seconds 
========================================================================
Received Import Request.
  Time since last request: 1.377064 seconds.
  path: Assets/Sprite/tankBody_sand_outline.png
  artifactKey: Guid(740532430b1967a4c937b7e54db2804e) Importer(815301076,1909f56bfc062723c751e8b465ee728b)
Start importing Assets/Sprite/tankBody_sand_outline.png using Guid(740532430b1967a4c937b7e54db2804e) Importer(815301076,1909f56bfc062723c751e8b465ee728b)  -> (artifact id: '3c7d3b7e037148c9ba5836b7548c8e6c') in 0.012757 seconds 
========================================================================
Received Import Request.
  Time since last request: 0.000017 seconds.
  path: Assets/Sprite/tankDark_barrel3.png
  artifactKey: Guid(3e24abcf45f6daf48aa06bd97de92140) Importer(815301076,1909f56bfc062723c751e8b465ee728b)
Start importing Assets/Sprite/tankDark_barrel3.png using Guid(3e24abcf45f6daf48aa06bd97de92140) Importer(815301076,1909f56bfc062723c751e8b465ee728b)  -> (artifact id: 'e48113c2ea9a1dea23cc8e7704df5103') in 0.013089 seconds 
========================================================================
Received Import Request.
  Time since last request: 0.000017 seconds.
  path: Assets/Sprite/tankGreen_barrel2_outline.png
  artifactKey: Guid(2303554509851c24c97d0038375ba7a8) Importer(815301076,1909f56bfc062723c751e8b465ee728b)
Start importing Assets/Sprite/tankGreen_barrel2_outline.png using Guid(2303554509851c24c97d0038375ba7a8) Importer(815301076,1909f56bfc062723c751e8b465ee728b)  -> (artifact id: '6d54338e04cee512b84e4fb528f96055') in 0.013029 seconds 
========================================================================
Received Import Request.
  Time since last request: 0.000023 seconds.
  path: Assets/Sprite/tankDark_barrel1_outline.png
  artifactKey: Guid(882eb951e03320e43872d874251ab076) Importer(815301076,1909f56bfc062723c751e8b465ee728b)
Start importing Assets/Sprite/tankDark_barrel1_outline.png using Guid(882eb951e03320e43872d874251ab076) Importer(815301076,1909f56bfc062723c751e8b465ee728b)  -> (artifact id: 'c3fc1a7d70bb4fe40597b0ea63bb25d4') in 0.014641 seconds 
========================================================================
Received Import Request.
  Time since last request: 0.000021 seconds.
  path: Assets/Sprite/tankGreen_barrel1.png
  artifactKey: Guid(68d3856bf84c03f448e99f1cba49d614) Importer(815301076,1909f56bfc062723c751e8b465ee728b)
Start importing Assets/Sprite/tankGreen_barrel1.png using Guid(68d3856bf84c03f448e99f1cba49d614) Importer(815301076,1909f56bfc062723c751e8b465ee728b)  -> (artifact id: 'b4e9e24ffaf7dc141e79eac7c6bc8b6c') in 0.014062 seconds 
========================================================================
Received Import Request.
  Time since last request: 2.833469 seconds.
  path: Assets/Sprite/tankRed_barrel2_outline.png
  artifactKey: Guid(8b146e67df7eae74692ce08189eb6f9b) Importer(815301076,1909f56bfc062723c751e8b465ee728b)
Start importing Assets/Sprite/tankRed_barrel2_outline.png using Guid(8b146e67df7eae74692ce08189eb6f9b) Importer(815301076,1909f56bfc062723c751e8b465ee728b)  -> (artifact id: '705bd1d6259ab9be2f6f50ee5e0fbfa0') in 0.019040 seconds 
========================================================================
Received Import Request.
  Time since last request: 0.000015 seconds.
  path: Assets/Sprite/tankSand_barrel1.png
  artifactKey: Guid(10efcb87e1e10734cb5ba5d6d1db08be) Importer(815301076,1909f56bfc062723c751e8b465ee728b)
Start importing Assets/Sprite/tankSand_barrel1.png using Guid(10efcb87e1e10734cb5ba5d6d1db08be) Importer(815301076,1909f56bfc062723c751e8b465ee728b)  -> (artifact id: '0de705b0e199a50250dee0c862124cf7') in 0.030064 seconds 
========================================================================
Received Import Request.
  Time since last request: 0.000022 seconds.
  path: Assets/Sprite/tankRed_barrel3_outline.png
  artifactKey: Guid(53b3f8210152ae64ca4aff0f673b1b57) Importer(815301076,1909f56bfc062723c751e8b465ee728b)
Start importing Assets/Sprite/tankRed_barrel3_outline.png using Guid(53b3f8210152ae64ca4aff0f673b1b57) Importer(815301076,1909f56bfc062723c751e8b465ee728b)  -> (artifact id: '7d251a0652c2a20b2fd1985a69d594d9') in 0.083657 seconds 
========================================================================
Received Import Request.
  Time since last request: 0.000022 seconds.
  path: Assets/Sprite/tankSand_barrel2_outline.png
  artifactKey: Guid(6a656f4e97e9214418afb7fb42f07e40) Importer(815301076,1909f56bfc062723c751e8b465ee728b)
Start importing Assets/Sprite/tankSand_barrel2_outline.png using Guid(6a656f4e97e9214418afb7fb42f07e40) Importer(815301076,1909f56bfc062723c751e8b465ee728b)  -> (artifact id: 'e3d759c4aa48dfde70f39df1f8664c60') in 0.041950 seconds 
========================================================================
Received Import Request.
  Time since last request: 0.000016 seconds.
  path: Assets/Sprite/tankSand_barrel3_outline.png
  artifactKey: Guid(18561dd1b19b7e841a514b1986afe868) Importer(815301076,1909f56bfc062723c751e8b465ee728b)
Start importing Assets/Sprite/tankSand_barrel3_outline.png using Guid(18561dd1b19b7e841a514b1986afe868) Importer(815301076,1909f56bfc062723c751e8b465ee728b)  -> (artifact id: '0f6543fece42b53e70b37068c14490da') in 0.011122 seconds 
========================================================================
Received Import Request.
  Time since last request: 0.898657 seconds.
  path: Assets/Sprite/tileGrass_roadCrossingRound.png
  artifactKey: Guid(8f4d4db83c93a854dbea6b91609b44ab) Importer(815301076,1909f56bfc062723c751e8b465ee728b)
Start importing Assets/Sprite/tileGrass_roadCrossingRound.png using Guid(8f4d4db83c93a854dbea6b91609b44ab) Importer(815301076,1909f56bfc062723c751e8b465ee728b)  -> (artifact id: '925aa9c99693a560779b2b85a6e16efa') in 0.014070 seconds 
========================================================================
Received Import Request.
  Time since last request: 0.000018 seconds.
  path: Assets/Sprite/tileGrass_roadNorth.png
  artifactKey: Guid(4a35d6d969ee6e944ae3d345ca9d55bc) Importer(815301076,1909f56bfc062723c751e8b465ee728b)
Start importing Assets/Sprite/tileGrass_roadNorth.png using Guid(4a35d6d969ee6e944ae3d345ca9d55bc) Importer(815301076,1909f56bfc062723c751e8b465ee728b)  -> (artifact id: '0e970178daf05ced9cacdf59f1223967') in 0.051875 seconds 
========================================================================
Received Import Request.
  Time since last request: 0.000024 seconds.
  path: Assets/Sprite/tileGrass_roadEast.png
  artifactKey: Guid(dfa810e3a55178c4392cfbdc892c4236) Importer(815301076,1909f56bfc062723c751e8b465ee728b)
Start importing Assets/Sprite/tileGrass_roadEast.png using Guid(dfa810e3a55178c4392cfbdc892c4236) Importer(815301076,1909f56bfc062723c751e8b465ee728b)  -> (artifact id: 'af3b792d52dca2beb991e1665859a614') in 0.015281 seconds 
========================================================================
Received Import Request.
  Time since last request: 0.000024 seconds.
  path: Assets/Sprite/tileGrass_roadTransitionN.png
  artifactKey: Guid(2476955b9aeab2a4e86a5e7f1ecb29f8) Importer(815301076,1909f56bfc062723c751e8b465ee728b)
Start importing Assets/Sprite/tileGrass_roadTransitionN.png using Guid(2476955b9aeab2a4e86a5e7f1ecb29f8) Importer(815301076,1909f56bfc062723c751e8b465ee728b)  -> (artifact id: '1452b7dfb613ddfc1beff50325d03798') in 0.014654 seconds 
========================================================================
Received Import Request.
  Time since last request: 0.000036 seconds.
  path: Assets/Sprite/tileGrass_roadSplitN.png
  artifactKey: Guid(1afeeca533cb72d49860b968e6141a34) Importer(815301076,1909f56bfc062723c751e8b465ee728b)
Start importing Assets/Sprite/tileGrass_roadSplitN.png using Guid(1afeeca533cb72d49860b968e6141a34) Importer(815301076,1909f56bfc062723c751e8b465ee728b)  -> (artifact id: '163214115af3ed326a9e778414226811') in 0.013351 seconds 
========================================================================
Received Import Request.
  Time since last request: 0.000018 seconds.
  path: Assets/Sprite/tileGrass_roadTransitionE.png
  artifactKey: Guid(f7b200dedb460c64ab9518bafb682b1e) Importer(815301076,1909f56bfc062723c751e8b465ee728b)
Start importing Assets/Sprite/tileGrass_roadTransitionE.png using Guid(f7b200dedb460c64ab9518bafb682b1e) Importer(815301076,1909f56bfc062723c751e8b465ee728b)  -> (artifact id: 'af7854035bc58f5f842c007b625f2dc3') in 0.011879 seconds 
========================================================================
Received Import Request.
  Time since last request: 0.942180 seconds.
  path: Assets/Sprite/tileGrass_transitionN.png
  artifactKey: Guid(660df328f7957d847b5ffde823fe359c) Importer(815301076,1909f56bfc062723c751e8b465ee728b)
Start importing Assets/Sprite/tileGrass_transitionN.png using Guid(660df328f7957d847b5ffde823fe359c) Importer(815301076,1909f56bfc062723c751e8b465ee728b)  -> (artifact id: 'bc999dc1919d7e53fee587741cd25df1') in 0.016510 seconds 
========================================================================
Received Import Request.
  Time since last request: 0.000019 seconds.
  path: Assets/Sprite/tileSand2.png
  artifactKey: Guid(71ddbb62d75f3ab418faf11e20370da3) Importer(815301076,1909f56bfc062723c751e8b465ee728b)
Start importing Assets/Sprite/tileSand2.png using Guid(71ddbb62d75f3ab418faf11e20370da3) Importer(815301076,1909f56bfc062723c751e8b465ee728b)  -> (artifact id: 'b4e03ee7b37ae22a62397ff7d98959c5') in 0.019484 seconds 
========================================================================
Received Import Request.
  Time since last request: 0.000017 seconds.
  path: Assets/Sprite/tileGrass_transitionW.png
  artifactKey: Guid(063dd40832ff0944da39a32331006994) Importer(815301076,1909f56bfc062723c751e8b465ee728b)
Start importing Assets/Sprite/tileGrass_transitionW.png using Guid(063dd40832ff0944da39a32331006994) Importer(815301076,1909f56bfc062723c751e8b465ee728b)  -> (artifact id: '0f16cfd76856fe245f38afa9cae13e9c') in 0.026836 seconds 
========================================================================
Received Import Request.
  Time since last request: 0.000024 seconds.
  path: Assets/Sprite/tileGrass_transitionS.png
  artifactKey: Guid(e444e9459de4b3d41b6b69076eba60b2) Importer(815301076,1909f56bfc062723c751e8b465ee728b)
Start importing Assets/Sprite/tileGrass_transitionS.png using Guid(e444e9459de4b3d41b6b69076eba60b2) Importer(815301076,1909f56bfc062723c751e8b465ee728b)  -> (artifact id: '4a32ed78ec4123f5f194cac7f09deda8') in 0.014072 seconds 
Editor requested this worker to shutdown with reason: Scaling down because of idle timeout
AssetImportWorker is now disconnected from the server
Process exiting
Exiting without the bug reporter. Application will terminate with return code 0